[STEP] [2022-10-27 18:47:08] Procurando o arquivo executável PHP CLI.
[INFO] [2022-10-27 18:48:05] Nome do arquivo PHP CLI:php
[INFO] [2022-10-27 18:48:05] Versão do PHP CLI:7.4.32 (cli)
[INFO] [2022-10-27 18:48:05] Limite de memória de PHP CLI:128M/512M
[INFO] [2022-10-27 18:48:05] Limite de execução de PHP CLI:0/0
[SUCCESS] [2022-10-27 18:48:05] Detectamos corretamente o arquivo executável PHP CLI.
[WARN] [2022-10-27 18:48:09] Algo deu errado no processo do PHP CLI, o backup irá continuar com métodos antigos.
[STEP] [2022-10-27 18:48:09] Iniciando backup...
[INFO] [2022-10-27 18:48:09] Versão do Backup & Migration:1.2.2
[INFO] [2022-10-27 18:48:09] Site do qual será feito backup:https://studio.narrativa.etc.br/amac
[INFO] [2022-10-27 18:48:09] Versão do PHP:7.4.32
[INFO] [2022-10-27 18:48:09] Versão do WP: 6.0.3
[INFO] [2022-10-27 18:48:09] Versão do MySQL:5.7.40
[INFO] [2022-10-27 18:48:09] Comprimento Máximo do MySQL:268435456
[INFO] [2022-10-27 18:48:09] Servidor web:LiteSpeed
[INFO] [2022-10-27 18:48:09] Tempo máximo de execução (em segundos):259200
[INFO] [2022-10-27 18:48:09] Máximo de linhas por consulta (nesse site):300
[INFO] [2022-10-27 18:48:09] Verificando se o diretório de backup possui permissão para gravação...
[INFO] [2022-10-27 18:48:09] Iniciando o gerenciador de erros personalizado
[SUCCESS] [2022-10-27 18:48:09] Sim, possui permissão para gravação...
[STEP] [2022-10-27 18:48:09] Verificando arquivos...
[STEP] [2022-10-27 18:48:38] Verificando espaço livre, reservando...
[INFO] [2022-10-27 18:48:38] Requer ao menos 165475668 bytes. [157.81 MB]
[INFO] [2022-10-27 18:48:38] A função de espaço livre em disco não está desativada, utilizando...
[INFO] [2022-10-27 18:48:38] Verificando esse caminho/partição:/home/n31vdrda/public_html/studio/amac/wp-content/backups
[SUCCESS] [2022-10-27 18:48:38] Há3,319,827.55 MB livres. [3.17 TB]
[SUCCESS] [2022-10-27 18:48:38] Excelente! Temos espaço suficiente.
[SUCCESS] [2022-10-27 18:48:38] Confirmado, há espaço mais do que suficiente, verificado:165475668 bytes
[INFO] [2022-10-27 18:48:38] Varredura concluída - encontrados6151 arquivos...
[SUCCESS] [2022-10-27 18:48:38] Backup iniciado...
[STEP] [2022-10-27 18:48:38] Iniciando sistema de arquivamento...
[SUCCESS] [2022-10-27 18:48:38] Sistema de arquivamento iniciado...
[STEP] [2022-10-27 18:48:38] Preparando mapeamento de arquivos...
[SUCCESS] [2022-10-27 18:48:38] Arquivos preparados.
[INFO] [2022-10-27 18:48:38] Iniciando processo de compactação...
[STEP] [2022-10-27 18:48:38] Cálculo de memória inteligente...
[INFO] [2022-10-27 18:48:38] Há 384 MB de memória para usar
[INFO] [2022-10-27 18:48:38] Limite de memória do WordPress: 256 MBs
[SUCCESS] [2022-10-27 18:48:38] Estabelecendo o limite seguro para 86 MB
[WARN] [2022-10-27 18:48:38] Omitindo backup do banco de dados (devido às configurações)...
[STEP] [2022-10-27 18:48:38] Criando arquivo
[INFO] [2022-10-27 18:48:38] Compactando...
[INFO] [2022-10-27 18:48:38] Usando o módulo PclZip para criar o backup
[INFO] [2022-10-27 18:48:38] Configuração antiga: usando módulos padrão dependendo do servidor do usuário
[INFO] [2022-10-27 18:48:38] Iniciando processo em segundo plano no lado do servidor...
[SUCCESS] [2022-10-27 18:48:38] Background process initialized
[STEP] [2022-10-27 18:48:38] Making batches for each process...
[INFO] [2022-10-27 18:48:38] Reading list file...
[INFO] [2022-10-27 18:48:38] Each batch will contain up to 800 files.
[INFO] [2022-10-27 18:48:38] Large files takes more time, you will be notified about those.
[SUCCESS] [2022-10-27 18:48:39] Backup via PHP CLI iniciado.
[STEP] [2022-10-27 18:48:39] Iniciando backup...
[INFO] [2022-10-27 18:48:39] Versão do Backup & Migration:1.2.2
[INFO] [2022-10-27 18:48:39] Site do qual será feito backup:http://studio.narrativa.etc.br/amac
[INFO] [2022-10-27 18:48:39] Versão do PHP:7.4.32
[INFO] [2022-10-27 18:48:39] Versão do WP: 6.0.3
[INFO] [2022-10-27 18:48:39] Versão do MySQL:5.7.40
[INFO] [2022-10-27 18:48:39] Comprimento Máximo do MySQL:268435456
[INFO] [2022-10-27 18:48:39] Servidor web: não disponível
[INFO] [2022-10-27 18:48:39] Tempo máximo de execução (em segundos):259200
[INFO] [2022-10-27 18:48:39] Máximo de linhas por consulta (nesse site):300
[INFO] [2022-10-27 18:48:39] Verificando se o diretório de backup possui permissão para gravação...
[INFO] [2022-10-27 18:48:39] Iniciando o gerenciador de erros personalizado
[SUCCESS] [2022-10-27 18:48:39] Sim, possui permissão para gravação...
[STEP] [2022-10-27 18:48:39] Verificando arquivos...
[STEP] [2022-10-27 18:48:40] Verificando espaço livre, reservando...
[INFO] [2022-10-27 18:48:40] Requer ao menos 165475668 bytes. [157.81 MB]
[INFO] [2022-10-27 18:48:40] A função de espaço livre em disco não está desativada, utilizando...
[INFO] [2022-10-27 18:48:40] Verificando esse caminho/partição:/home/n31vdrda/public_html/studio/amac/wp-content/backups
[SUCCESS] [2022-10-27 18:48:40] Há3,319,825.38 MB livres. [3.17 TB]
[SUCCESS] [2022-10-27 18:48:40] Excelente! Temos espaço suficiente.
[SUCCESS] [2022-10-27 18:48:40] Confirmado, há espaço mais do que suficiente, verificado:165475668 bytes
[INFO] [2022-10-27 18:48:40] Varredura concluída - encontrados6151 arquivos...
[SUCCESS] [2022-10-27 18:48:40] Backup iniciado...
[STEP] [2022-10-27 18:48:40] Iniciando sistema de arquivamento...
[SUCCESS] [2022-10-27 18:48:40] Milestone: 800/6150 [9 batches left]
[SUCCESS] [2022-10-27 18:48:43] Batches completed...
[STEP] [2022-10-27 18:48:43] Making archive...
[INFO] [2022-10-27 18:48:43] Adding: 800 files... [Size: 2.78 MB]
[INFO] [2022-10-27 18:48:43] Using ZipArchive module to create the Archive.
[SUCCESS] [2022-10-27 18:52:16] Milestone: 800/6150 [9 batches left]
[INFO] [2022-10-27 18:52:16] Adding: 800 files... [Size: 923.34 KB]
[SUCCESS] [2022-10-27 18:55:53] Milestone: 1600/6149 [8 batches left]
[INFO] [2022-10-27 18:55:53] Adding: 800 files... [Size: 1.6 MB]
[SUCCESS] [2022-10-27 18:59:37] Milestone: 2400/6148 [7 batches left]
[INFO] [2022-10-27 18:59:37] Adding: 800 files... [Size: 511.19 KB]
[SUCCESS] [2022-10-27 19:03:13] Milestone: 3200/6147 [6 batches left]
[INFO] [2022-10-27 19:03:13] Adding: 800 files... [Size: 152.43 KB]
[SUCCESS] [2022-10-27 19:06:45] Milestone: 4000/6146 [5 batches left]
[INFO] [2022-10-27 19:06:46] Adding: 800 files... [Size: 5.67 MB]
[SUCCESS] [2022-10-27 19:10:21] Milestone: 4800/6145 [4 batches left]
[INFO] [2022-10-27 19:10:21] Adding: 800 files... [Size: 17.39 MB]
[SUCCESS] [2022-10-27 19:14:02] Milestone: 5600/6144 [3 batches left]
[INFO] [2022-10-27 19:14:02] Adding: 550 files... [Size: 97.94 MB]
[WARN] [2022-10-27 19:14:02] Current batch is quite large, it may take some time...
[SUCCESS] [2022-10-27 19:19:05] Milestone: 6150/6143 [2 batches left]
[INFO] [2022-10-27 19:19:05] Adding: 1 file... [Size: 4.58 MB]
[INFO] [2022-10-27 19:19:05] Alone-file mode for: /home/n31vdrda/public_html/studio/amac/wp-content//uploads/download-manager-files/portfolio-scfv-amac.pdf file...
[SUCCESS] [2022-10-27 19:23:53] Milestone: 6151/6142 [1 batches left]
[STEP] [2022-10-27 19:23:53] Adding final files to this batch...
[INFO] [2022-10-27 19:23:53] Adding manifest as addition...
[STEP] [2022-10-27 19:28:16] Finalizing backup
[STEP] [2022-10-27 19:28:16] Closing files and archives
[INFO] [2022-10-27 19:28:16] Archiving of 6142 files took: 2,378.73s
[END-CODE] [2022-10-27 19:28:16] #001
[SUCCESS] [2022-10-27 19:28:17] Backup completed successfully!
[END-CODE] [2022-10-27 19:28:17] #001
